TN:
SF:src/app.controller.ts
FN:6,(anonymous_2)
FN:9,(anonymous_3)
FNF:2
FNH:2
FNDA:1,(anonymous_2)
FNDA:1,(anonymous_3)
DA:1,1
DA:2,1
DA:5,1
DA:6,1
DA:9,1
DA:10,1
LF:6
LH:6
BRDA:6,0,0,1
BRDA:6,0,1,0
BRDA:6,1,0,1
BRDA:6,1,1,1
BRF:4
BRH:3
end_of_record
TN:
SF:src/app.module.ts
FN:17,(anonymous_1)
FNF:1
FNH:0
FNDA:0,(anonymous_1)
DA:1,0
DA:2,0
DA:3,0
DA:4,0
DA:5,0
DA:6,0
DA:17,0
DA:30,0
LF:8
LH:0
BRF:0
BRH:0
end_of_record
TN:
SF:src/app.service.ts
FN:5,(anonymous_1)
FNF:1
FNH:1
FNDA:1,(anonymous_1)
DA:1,1
DA:4,1
DA:6,1
LF:3
LH:3
BRF:0
BRH:0
end_of_record
TN:
SF:src/main.ts
FN:8,bootstrap
FNF:1
FNH:0
FNDA:0,bootstrap
DA:1,0
DA:2,0
DA:6,0
DA:9,0
DA:13,0
DA:15,0
LF:6
LH:0
BRF:0
BRH:0
end_of_record
TN:
SF:src/invitations/invitations.module.ts
FNF:0
FNH:0
DA:1,0
DA:2,0
DA:3,0
DA:4,0
DA:5,0
DA:15,0
LF:6
LH:0
BRF:0
BRH:0
end_of_record
TN:
SF:src/invitations/invitations.resolver.ts
FN:12,(anonymous_4)
FN:15,(anonymous_5)
FN:22,(anonymous_6)
FN:30,(anonymous_7)
FN:38,(anonymous_8)
FN:43,(anonymous_9)
FN:14,(anonymous_10)
FN:21,(anonymous_11)
FN:23,(anonymous_12)
FN:29,(anonymous_13)
FN:31,(anonymous_14)
FN:37,(anonymous_15)
FN:38,(anonymous_16)
FN:42,(anonymous_17)
FN:10,(anonymous_18)
FNF:15
FNH:2
FNDA:1,(anonymous_4)
FNDA:0,(anonymous_5)
FNDA:0,(anonymous_6)
FNDA:0,(anonymous_7)
FNDA:0,(anonymous_8)
FNDA:0,(anonymous_9)
FNDA:0,(anonymous_10)
FNDA:0,(anonymous_11)
FNDA:0,(anonymous_12)
FNDA:0,(anonymous_13)
FNDA:0,(anonymous_14)
FNDA:0,(anonymous_15)
FNDA:0,(anonymous_16)
FNDA:0,(anonymous_17)
FNDA:2,(anonymous_18)
DA:1,1
DA:2,1
DA:7,1
DA:8,1
DA:10,2
DA:11,1
DA:12,1
DA:14,0
DA:15,1
DA:18,0
DA:21,0
DA:22,1
DA:23,0
DA:26,0
DA:29,0
DA:30,1
DA:31,0
DA:34,0
DA:37,0
DA:38,1
DA:39,0
DA:42,0
DA:43,1
DA:44,0
LF:24
LH:12
BRDA:16,0,0,1
BRDA:16,0,1,0
BRDA:16,1,0,1
BRDA:16,1,1,1
BRDA:17,2,0,1
BRDA:17,2,1,0
BRDA:17,3,0,1
BRDA:17,3,1,1
BRDA:24,4,0,1
BRDA:24,4,1,0
BRDA:24,5,0,1
BRDA:24,5,1,1
BRDA:25,6,0,1
BRDA:25,6,1,0
BRDA:25,7,0,1
BRDA:25,7,1,1
BRDA:32,8,0,1
BRDA:32,8,1,0
BRDA:32,9,0,1
BRDA:32,9,1,1
BRDA:33,10,0,1
BRDA:33,10,1,0
BRDA:33,11,0,1
BRDA:33,11,1,1
BRDA:38,12,0,1
BRDA:38,12,1,0
BRDA:38,13,0,1
BRDA:38,13,1,1
BRDA:43,14,0,1
BRDA:43,14,1,0
BRDA:43,15,0,1
BRDA:43,15,1,1
BRDA:12,16,0,1
BRDA:12,16,1,0
BRDA:12,17,0,1
BRDA:12,17,1,1
BRF:36
BRH:27
end_of_record
TN:
SF:src/invitations/invitations.service.ts
FN:18,(anonymous_4)
FN:23,(anonymous_5)
FN:28,(anonymous_6)
FN:38,(anonymous_7)
FN:44,(anonymous_8)
FN:64,(anonymous_9)
FN:97,(anonymous_10)
FN:101,(anonymous_11)
FNF:8
FNH:8
FNDA:22,(anonymous_4)
FNDA:1,(anonymous_5)
FNDA:2,(anonymous_6)
FNDA:4,(anonymous_7)
FNDA:3,(anonymous_8)
FNDA:2,(anonymous_9)
FNDA:1,(anonymous_10)
FNDA:2,(anonymous_11)
DA:1,2
DA:6,2
DA:7,2
DA:8,2
DA:17,2
DA:20,22
DA:24,1
DA:25,1
DA:29,2
DA:32,2
DA:33,1
DA:35,1
DA:42,4
DA:44,4
DA:46,3
DA:53,4
DA:54,2
DA:55,1
DA:62,3
DA:63,2
DA:64,2
DA:66,2
DA:67,1
DA:74,2
DA:88,2
DA:89,1
DA:94,1
DA:98,1
DA:102,2
DA:103,2
DA:104,1
DA:106,1
LF:32
LH:32
BRDA:32,0,0,1
BRDA:32,0,1,1
BRDA:48,1,0,2
BRDA:48,1,1,1
BRDA:53,2,0,2
BRDA:53,2,1,2
BRDA:54,3,0,1
BRDA:54,3,1,1
BRDA:62,4,0,2
BRDA:62,4,1,1
BRDA:66,5,0,1
BRDA:66,5,1,1
BRDA:80,6,0,1
BRDA:80,6,1,1
BRDA:88,7,0,1
BRDA:88,7,1,1
BRDA:103,8,0,1
BRDA:103,8,1,1
BRDA:20,9,0,2
BRDA:20,9,1,0
BRDA:20,10,0,2
BRDA:20,10,1,2
BRF:22
BRH:21
end_of_record
TN:
SF:src/invitations/dto/invitation.input.ts
FN:29,(anonymous_2)
FN:50,(anonymous_3)
FN:55,(anonymous_4)
FN:56,(anonymous_5)
FNF:4
FNH:0
FNDA:0,(anonymous_2)
FNDA:0,(anonymous_3)
FNDA:0,(anonymous_4)
FNDA:0,(anonymous_5)
DA:1,1
DA:2,1
DA:10,1
DA:11,1
DA:12,1
DA:15,1
DA:18,1
DA:22,1
DA:26,1
DA:29,0
DA:30,1
DA:34,1
DA:38,1
DA:43,1
DA:47,1
DA:50,0
DA:51,1
DA:55,0
DA:56,0
DA:57,1
LF:20
LH:16
BRDA:30,0,0,0
BRDA:30,0,1,1
BRDA:30,1,0,1
BRDA:30,1,1,1
BRF:4
BRH:3
end_of_record
TN:
SF:src/invitations/dto/participant.input.ts
FN:15,(anonymous_2)
FN:27,(anonymous_3)
FN:31,(anonymous_4)
FNF:3
FNH:0
FNDA:0,(anonymous_2)
FNDA:0,(anonymous_3)
FNDA:0,(anonymous_4)
DA:1,1
DA:2,1
DA:9,1
DA:12,1
DA:15,0
DA:16,1
DA:20,1
DA:24,1
DA:27,0
DA:28,1
DA:31,0
DA:32,1
DA:36,1
DA:40,1
DA:44,1
LF:15
LH:12
BRDA:28,0,0,0
BRDA:28,0,1,1
BRDA:28,1,0,1
BRDA:28,1,1,1
BRF:4
BRH:3
end_of_record
TN:
SF:src/invitations/entities/invitation.entity.ts
FN:8,(anonymous_2)
FN:21,(anonymous_3)
FN:28,(anonymous_4)
FN:44,(anonymous_5)
FN:52,(anonymous_6)
FNF:5
FNH:1
FNDA:2,(anonymous_2)
FNDA:0,(anonymous_3)
FNDA:0,(anonymous_4)
FNDA:0,(anonymous_5)
FNDA:0,(anonymous_6)
DA:1,2
DA:2,2
DA:3,2
DA:4,2
DA:8,2
DA:9,2
DA:10,2
DA:11,2
DA:14,2
DA:20,2
DA:21,0
DA:22,2
DA:26,2
DA:28,0
DA:34,2
DA:38,2
DA:42,2
DA:44,0
DA:46,2
DA:50,2
DA:52,0
DA:54,2
DA:57,2
LF:23
LH:19
BRDA:8,0,0,2
BRDA:8,0,1,2
BRDA:22,1,0,2
BRDA:22,1,1,0
BRDA:22,2,0,2
BRDA:22,2,1,2
BRF:6
BRH:5
end_of_record
TN:
SF:src/invitations/entities/participant.entity.ts
FN:5,(anonymous_2)
FN:18,(anonymous_3)
FN:29,(anonymous_4)
FN:33,(anonymous_5)
FNF:4
FNH:1
FNDA:2,(anonymous_2)
FNDA:0,(anonymous_3)
FNDA:0,(anonymous_4)
FNDA:0,(anonymous_5)
DA:1,2
DA:2,2
DA:3,2
DA:5,2
DA:6,2
DA:7,2
DA:8,2
DA:11,2
DA:17,2
DA:18,0
DA:19,2
DA:23,2
DA:27,2
DA:29,0
DA:31,2
DA:33,0
DA:35,2
DA:39,2
DA:43,2
DA:47,2
DA:50,2
LF:21
LH:18
BRDA:5,0,0,2
BRDA:5,0,1,2
BRDA:19,1,0,2
BRDA:19,1,1,0
BRDA:19,2,0,2
BRDA:19,2,1,2
BRF:6
BRH:5
end_of_record
